<?xml version="1.0" encoding="UTF-8"?>
<!-- Generated by org.testng.reporters.JUnitXMLReporter -->
<testsuite hostname="Itexicos-MacBook-Pro.local" ignored="2" name="Default test" tests="1" failures="0" timestamp="26 Aug 2019 17:52:45 GMT" time="11.716" errors="0">
  <testcase name="SimpleChromeTest2" time="6.08" classname="com.Samples.SampleWebTest"/>
  <testcase name="SimpleFireFoxTest" time="0.0" classname="com.Samples.SampleWebTest">
    <ignored/>
  </testcase> <!-- SimpleFireFoxTest -->
  <testcase name="SimpleChromeTest" time="0.0" classname="com.Samples.SampleWebTest">
    <ignored/>
  </testcase> <!-- SimpleChromeTest -->
</testsuite> <!-- Default test -->
